{"/home/mauricio/Documentos/Driven/Projetos/projeto22-mystudio-back/src/config/database.ts": {"path":"/home/mauricio/Documentos/Driven/Projetos/projeto22-mystudio-back/src/config/database.ts","statementMap":{"0":{"start":{"line":3,"column":25},"end":{"line":3,"column":28}},"1":{"start":{"line":5,"column":15},"end":{"line":5,"column":33}}},"fnMap":{},"branchMap":{},"s":{"0":2,"1":2},"f":{},"b":{}}
,"/home/mauricio/Documentos/Driven/Projetos/projeto22-mystudio-back/src/providers/tokenProvider.ts": {"path":"/home/mauricio/Documentos/Driven/Projetos/projeto22-mystudio-back/src/providers/tokenProvider.ts","statementMap":{"0":{"start":{"line":4,"column":0},"end":{"line":4,"column":16}},"1":{"start":{"line":6,"column":15},"end":{"line":6,"column":51}},"2":{"start":{"line":7,"column":19},"end":{"line":7,"column":55}},"3":{"start":{"line":14,"column":4},"end":{"line":14,"column":null}},"4":{"start":{"line":18,"column":4},"end":{"line":23,"column":null}},"5":{"start":{"line":19,"column":8},"end":{"line":19,"column":null}},"6":{"start":{"line":22,"column":8},"end":{"line":22,"column":null}},"7":{"start":{"line":26,"column":29},"end":{"line":29,"column":null}}},"fnMap":{"0":{"name":"encode","decl":{"start":{"line":13,"column":16},"end":{"line":13,"column":22}},"loc":{"start":{"line":13,"column":46},"end":{"line":15,"column":1}}},"1":{"name":"decode","decl":{"start":{"line":17,"column":16},"end":{"line":17,"column":22}},"loc":{"start":{"line":17,"column":37},"end":{"line":24,"column":1}}}},"branchMap":{"0":{"loc":{"start":{"line":6,"column":15},"end":{"line":6,"column":51}},"type":"binary-expr","locations":[{"start":{"line":6,"column":15},"end":{"line":6,"column":39}},{"start":{"line":6,"column":43},"end":{"line":6,"column":51}}]},"1":{"loc":{"start":{"line":7,"column":19},"end":{"line":7,"column":55}},"type":"binary-expr","locations":[{"start":{"line":7,"column":19},"end":{"line":7,"column":47}},{"start":{"line":7,"column":51},"end":{"line":7,"column":55}}]}},"s":{"0":1,"1":1,"2":1,"3":0,"4":0,"5":0,"6":0,"7":1},"f":{"0":0,"1":0},"b":{"0":[1,1],"1":[1,1]}}
,"/home/mauricio/Documentos/Driven/Projetos/projeto22-mystudio-back/src/repositories/clientsRepository.ts": {"path":"/home/mauricio/Documentos/Driven/Projetos/projeto22-mystudio-back/src/repositories/clientsRepository.ts","statementMap":{"0":{"start":{"line":7,"column":23},"end":{"line":7,"column":69}},"1":{"start":{"line":8,"column":4},"end":{"line":8,"column":22}},"2":{"start":{"line":12,"column":20},"end":{"line":12,"column":69}},"3":{"start":{"line":13,"column":2},"end":{"line":13,"column":22}},"4":{"start":{"line":17,"column":2},"end":{"line":17,"column":null}},"5":{"start":{"line":21,"column":2},"end":{"line":26,"column":null}},"6":{"start":{"line":30,"column":18},"end":{"line":37,"column":4}},"7":{"start":{"line":38,"column":2},"end":{"line":38,"column":17}},"8":{"start":{"line":42,"column":17},"end":{"line":42,"column":61}},"9":{"start":{"line":43,"column":2},"end":{"line":43,"column":16}},"10":{"start":{"line":47,"column":2},"end":{"line":47,"column":null}},"11":{"start":{"line":51,"column":2},"end":{"line":59,"column":null}},"12":{"start":{"line":62,"column":33},"end":{"line":71,"column":null}}},"fnMap":{"0":{"name":"findClientName","decl":{"start":{"line":6,"column":15},"end":{"line":6,"column":29}},"loc":{"start":{"line":6,"column":43},"end":{"line":9,"column":null}}},"1":{"name":"findPaymentId","decl":{"start":{"line":11,"column":15},"end":{"line":11,"column":28}},"loc":{"start":{"line":11,"column":44},"end":{"line":14,"column":null}}},"2":{"name":"registerClient","decl":{"start":{"line":16,"column":15},"end":{"line":16,"column":29}},"loc":{"start":{"line":16,"column":54},"end":{"line":18,"column":null}}},"3":{"name":"updateNotificationStatus","decl":{"start":{"line":20,"column":15},"end":{"line":20,"column":39}},"loc":{"start":{"line":20,"column":70},"end":{"line":27,"column":null}}},"4":{"name":"getAllClients","decl":{"start":{"line":29,"column":15},"end":{"line":29,"column":28}},"loc":{"start":{"line":29,"column":51},"end":{"line":39,"column":null}}},"5":{"name":"findClientById","decl":{"start":{"line":41,"column":15},"end":{"line":41,"column":29}},"loc":{"start":{"line":41,"column":41},"end":{"line":44,"column":null}}},"6":{"name":"deleteClientById","decl":{"start":{"line":46,"column":15},"end":{"line":46,"column":31}},"loc":{"start":{"line":46,"column":43},"end":{"line":48,"column":null}}},"7":{"name":"updateClientData","decl":{"start":{"line":50,"column":15},"end":{"line":50,"column":31}},"loc":{"start":{"line":50,"column":58},"end":{"line":60,"column":null}}}},"branchMap":{},"s":{"0":0,"1":0,"2":0,"3":0,"4":0,"5":0,"6":0,"7":0,"8":0,"9":0,"10":0,"11":0,"12":1},"f":{"0":0,"1":0,"2":0,"3":0,"4":0,"5":0,"6":0,"7":0},"b":{}}
,"/home/mauricio/Documentos/Driven/Projetos/projeto22-mystudio-back/src/repositories/instructorsRepository.ts": {"path":"/home/mauricio/Documentos/Driven/Projetos/projeto22-mystudio-back/src/repositories/instructorsRepository.ts","statementMap":{"0":{"start":{"line":5,"column":23},"end":{"line":5,"column":74}},"1":{"start":{"line":6,"column":4},"end":{"line":6,"column":22}},"2":{"start":{"line":10,"column":2},"end":{"line":10,"column":null}},"3":{"start":{"line":13,"column":37},"end":{"line":16,"column":null}}},"fnMap":{"0":{"name":"findCpf","decl":{"start":{"line":4,"column":15},"end":{"line":4,"column":22}},"loc":{"start":{"line":4,"column":36},"end":{"line":7,"column":null}}},"1":{"name":"registerInstructor","decl":{"start":{"line":9,"column":15},"end":{"line":9,"column":33}},"loc":{"start":{"line":9,"column":68},"end":{"line":11,"column":null}}}},"branchMap":{},"s":{"0":0,"1":0,"2":0,"3":1},"f":{"0":0,"1":0},"b":{}}
,"/home/mauricio/Documentos/Driven/Projetos/projeto22-mystudio-back/src/repositories/paymentsRepository.ts": {"path":"/home/mauricio/Documentos/Driven/Projetos/projeto22-mystudio-back/src/repositories/paymentsRepository.ts","statementMap":{"0":{"start":{"line":4,"column":20},"end":{"line":4,"column":65}},"1":{"start":{"line":5,"column":4},"end":{"line":5,"column":26}},"2":{"start":{"line":8,"column":35},"end":{"line":10,"column":null}}},"fnMap":{"0":{"name":"findPaymentMethod","decl":{"start":{"line":3,"column":15},"end":{"line":3,"column":32}},"loc":{"start":{"line":3,"column":44},"end":{"line":6,"column":null}}}},"branchMap":{},"s":{"0":0,"1":0,"2":1},"f":{"0":0},"b":{}}
,"/home/mauricio/Documentos/Driven/Projetos/projeto22-mystudio-back/src/services/clientsService.ts": {"path":"/home/mauricio/Documentos/Driven/Projetos/projeto22-mystudio-back/src/services/clientsService.ts","statementMap":{"0":{"start":{"line":12,"column":39},"end":{"line":12,"column":45}},"1":{"start":{"line":14,"column":22},"end":{"line":14,"column":66}},"2":{"start":{"line":16,"column":4},"end":{"line":18,"column":null}},"3":{"start":{"line":17,"column":8},"end":{"line":17,"column":null}},"4":{"start":{"line":20,"column":31},"end":{"line":20,"column":78}},"5":{"start":{"line":22,"column":4},"end":{"line":24,"column":null}},"6":{"start":{"line":23,"column":8},"end":{"line":23,"column":null}},"7":{"start":{"line":26,"column":27},"end":{"line":26,"column":94}},"8":{"start":{"line":28,"column":22},"end":{"line":28,"column":68}},"9":{"start":{"line":30,"column":4},"end":{"line":30,"column":26}},"10":{"start":{"line":32,"column":4},"end":{"line":33,"column":null}},"11":{"start":{"line":38,"column":22},"end":{"line":38,"column":42}},"12":{"start":{"line":40,"column":22},"end":{"line":40,"column":24}},"13":{"start":{"line":42,"column":4},"end":{"line":42,"column":61}},"14":{"start":{"line":44,"column":25},"end":{"line":44,"column":44}},"15":{"start":{"line":46,"column":4},"end":{"line":46,"column":34}},"16":{"start":{"line":51,"column":4},"end":{"line":54,"column":null}},"17":{"start":{"line":52,"column":41},"end":{"line":52,"column":118}},"18":{"start":{"line":53,"column":8},"end":{"line":53,"column":68}},"19":{"start":{"line":55,"column":4},"end":{"line":58,"column":null}},"20":{"start":{"line":56,"column":41},"end":{"line":56,"column":118}},"21":{"start":{"line":57,"column":8},"end":{"line":57,"column":68}},"22":{"start":{"line":59,"column":4},"end":{"line":62,"column":null}},"23":{"start":{"line":60,"column":41},"end":{"line":60,"column":119}},"24":{"start":{"line":61,"column":8},"end":{"line":61,"column":68}},"25":{"start":{"line":63,"column":4},"end":{"line":66,"column":null}},"26":{"start":{"line":64,"column":41},"end":{"line":64,"column":119}},"27":{"start":{"line":65,"column":8},"end":{"line":65,"column":68}},"28":{"start":{"line":71,"column":18},"end":{"line":71,"column":28}},"29":{"start":{"line":73,"column":34},"end":{"line":73,"column":76}},"30":{"start":{"line":75,"column":27},"end":{"line":75,"column":71}},"31":{"start":{"line":77,"column":4},"end":{"line":77,"column":28}},"32":{"start":{"line":82,"column":20},"end":{"line":82,"column":71}},"33":{"start":{"line":84,"column":4},"end":{"line":91,"column":null}},"34":{"start":{"line":84,"column":38},"end":{"line":91,"column":6}},"35":{"start":{"line":85,"column":30},"end":{"line":85,"column":70}},"36":{"start":{"line":86,"column":25},"end":{"line":86,"column":57}},"37":{"start":{"line":87,"column":8},"end":{"line":87,"column":35}},"38":{"start":{"line":88,"column":8},"end":{"line":90,"column":null}},"39":{"start":{"line":89,"column":12},"end":{"line":89,"column":39}},"40":{"start":{"line":93,"column":4},"end":{"line":93,"column":19}},"41":{"start":{"line":98,"column":26},"end":{"line":98,"column":74}},"42":{"start":{"line":100,"column":4},"end":{"line":102,"column":null}},"43":{"start":{"line":101,"column":8},"end":{"line":101,"column":null}},"44":{"start":{"line":103,"column":4},"end":{"line":103,"column":55}},"45":{"start":{"line":109,"column":21},"end":{"line":109,"column":69}},"46":{"start":{"line":111,"column":4},"end":{"line":113,"column":null}},"47":{"start":{"line":112,"column":8},"end":{"line":112,"column":null}},"48":{"start":{"line":115,"column":26},"end":{"line":115,"column":72}},"49":{"start":{"line":117,"column":4},"end":{"line":117,"column":70}},"50":{"start":{"line":122,"column":28},"end":{"line":122,"column":47}},"51":{"start":{"line":124,"column":4},"end":{"line":124,"column":56}},"52":{"start":{"line":124,"column":28},"end":{"line":124,"column":56}},"53":{"start":{"line":126,"column":4},"end":{"line":126,"column":71}},"54":{"start":{"line":126,"column":33},"end":{"line":126,"column":71}},"55":{"start":{"line":128,"column":4},"end":{"line":129,"column":84}},"56":{"start":{"line":129,"column":4},"end":{"line":129,"column":84}},"57":{"start":{"line":131,"column":4},"end":{"line":134,"column":null}},"58":{"start":{"line":132,"column":35},"end":{"line":132,"column":74}},"59":{"start":{"line":133,"column":8},"end":{"line":133,"column":88}},"60":{"start":{"line":136,"column":4},"end":{"line":136,"column":null}},"61":{"start":{"line":138,"column":4},"end":{"line":138,"column":54}},"62":{"start":{"line":141,"column":30},"end":{"line":150,"column":null}}},"fnMap":{"0":{"name":"createClient","decl":{"start":{"line":10,"column":15},"end":{"line":10,"column":27}},"loc":{"start":{"line":10,"column":77},"end":{"line":34,"column":null}}},"1":{"name":"getAmericanFormatDate","decl":{"start":{"line":36,"column":9},"end":{"line":36,"column":30}},"loc":{"start":{"line":36,"column":50},"end":{"line":47,"column":1}}},"2":{"name":"calculateExpirationDate","decl":{"start":{"line":49,"column":9},"end":{"line":49,"column":32}},"loc":{"start":{"line":49,"column":79},"end":{"line":67,"column":1}}},"3":{"name":"calculateDaysLeft","decl":{"start":{"line":69,"column":9},"end":{"line":69,"column":26}},"loc":{"start":{"line":69,"column":47},"end":{"line":78,"column":1}}},"4":{"name":"getAllClients","decl":{"start":{"line":80,"column":15},"end":{"line":80,"column":28}},"loc":{"start":{"line":80,"column":51},"end":{"line":94,"column":null}}},"5":{"name":"(anonymous_14)","decl":{"start":{"line":84,"column":21},"end":{"line":84,"column":28}},"loc":{"start":{"line":84,"column":38},"end":{"line":91,"column":6}}},"6":{"name":"(anonymous_15)","decl":{"start":{"line":84,"column":38},"end":{"line":84,"column":null}},"loc":{"start":{"line":84,"column":38},"end":{"line":91,"column":5}}},"7":{"name":"deleteClient","decl":{"start":{"line":96,"column":15},"end":{"line":96,"column":27}},"loc":{"start":{"line":96,"column":45},"end":{"line":104,"column":null}}},"8":{"name":"updateClient","decl":{"start":{"line":106,"column":15},"end":{"line":106,"column":27}},"loc":{"start":{"line":106,"column":60},"end":{"line":118,"column":null}}},"9":{"name":"updateClientProperties","decl":{"start":{"line":120,"column":15},"end":{"line":120,"column":37}},"loc":{"start":{"line":120,"column":67},"end":{"line":139,"column":null}}}},"branchMap":{"0":{"loc":{"start":{"line":16,"column":4},"end":{"line":18,"column":null}},"type":"if","locations":[{"start":{"line":16,"column":4},"end":{"line":18,"column":null}}]},"1":{"loc":{"start":{"line":22,"column":4},"end":{"line":24,"column":null}},"type":"if","locations":[{"start":{"line":22,"column":4},"end":{"line":24,"column":null}}]},"2":{"loc":{"start":{"line":51,"column":4},"end":{"line":54,"column":null}},"type":"if","locations":[{"start":{"line":51,"column":4},"end":{"line":54,"column":null}}]},"3":{"loc":{"start":{"line":55,"column":4},"end":{"line":58,"column":null}},"type":"if","locations":[{"start":{"line":55,"column":4},"end":{"line":58,"column":null}}]},"4":{"loc":{"start":{"line":59,"column":4},"end":{"line":62,"column":null}},"type":"if","locations":[{"start":{"line":59,"column":4},"end":{"line":62,"column":null}}]},"5":{"loc":{"start":{"line":63,"column":4},"end":{"line":66,"column":null}},"type":"if","locations":[{"start":{"line":63,"column":4},"end":{"line":66,"column":null}}]},"6":{"loc":{"start":{"line":88,"column":8},"end":{"line":90,"column":null}},"type":"if","locations":[{"start":{"line":88,"column":8},"end":{"line":90,"column":null}}]},"7":{"loc":{"start":{"line":100,"column":4},"end":{"line":102,"column":null}},"type":"if","locations":[{"start":{"line":100,"column":4},"end":{"line":102,"column":null}}]},"8":{"loc":{"start":{"line":111,"column":4},"end":{"line":113,"column":null}},"type":"if","locations":[{"start":{"line":111,"column":4},"end":{"line":113,"column":null}}]},"9":{"loc":{"start":{"line":124,"column":4},"end":{"line":124,"column":56}},"type":"if","locations":[{"start":{"line":124,"column":4},"end":{"line":124,"column":56}}]},"10":{"loc":{"start":{"line":126,"column":4},"end":{"line":126,"column":71}},"type":"if","locations":[{"start":{"line":126,"column":4},"end":{"line":126,"column":71}}]},"11":{"loc":{"start":{"line":128,"column":4},"end":{"line":129,"column":84}},"type":"if","locations":[{"start":{"line":128,"column":4},"end":{"line":129,"column":84}}]},"12":{"loc":{"start":{"line":131,"column":4},"end":{"line":134,"column":null}},"type":"if","locations":[{"start":{"line":131,"column":4},"end":{"line":134,"column":null}}]},"13":{"loc":{"start":{"line":131,"column":8},"end":{"line":131,"column":56}},"type":"binary-expr","locations":[{"start":{"line":131,"column":8},"end":{"line":131,"column":29}},{"start":{"line":131,"column":33},"end":{"line":131,"column":56}}]}},"s":{"0":6,"1":6,"2":6,"3":1,"4":5,"5":5,"6":1,"7":4,"8":4,"9":4,"10":4,"11":5,"12":5,"13":5,"14":5,"15":5,"16":4,"17":1,"18":1,"19":3,"20":1,"21":1,"22":2,"23":1,"24":1,"25":1,"26":1,"27":1,"28":0,"29":0,"30":0,"31":0,"32":0,"33":0,"34":0,"35":0,"36":0,"37":0,"38":0,"39":0,"40":0,"41":0,"42":0,"43":0,"44":0,"45":0,"46":0,"47":0,"48":0,"49":0,"50":0,"51":0,"52":0,"53":0,"54":0,"55":0,"56":0,"57":0,"58":0,"59":0,"60":0,"61":0,"62":1},"f":{"0":6,"1":5,"2":4,"3":0,"4":0,"5":0,"6":0,"7":0,"8":0,"9":0},"b":{"0":[1],"1":[1],"2":[1],"3":[1],"4":[1],"5":[1],"6":[0],"7":[0],"8":[0],"9":[0],"10":[0],"11":[0],"12":[0],"13":[0,0]}}
,"/home/mauricio/Documentos/Driven/Projetos/projeto22-mystudio-back/src/services/instructorsService.ts": {"path":"/home/mauricio/Documentos/Driven/Projetos/projeto22-mystudio-back/src/services/instructorsService.ts","statementMap":{"0":{"start":{"line":13,"column":28},"end":{"line":13,"column":38}},"1":{"start":{"line":15,"column":21},"end":{"line":15,"column":61}},"2":{"start":{"line":17,"column":4},"end":{"line":19,"column":null}},"3":{"start":{"line":18,"column":8},"end":{"line":18,"column":null}},"4":{"start":{"line":21,"column":28},"end":{"line":21,"column":51}},"5":{"start":{"line":23,"column":4},"end":{"line":23,"column":95}},"6":{"start":{"line":27,"column":17},"end":{"line":27,"column":19}},"7":{"start":{"line":28,"column":28},"end":{"line":28,"column":59}},"8":{"start":{"line":29,"column":4},"end":{"line":29,"column":27}},"9":{"start":{"line":34,"column":31},"end":{"line":34,"column":36}},"10":{"start":{"line":36,"column":23},"end":{"line":36,"column":63}},"11":{"start":{"line":38,"column":4},"end":{"line":40,"column":null}},"12":{"start":{"line":39,"column":8},"end":{"line":39,"column":null}},"13":{"start":{"line":42,"column":36},"end":{"line":42,"column":107}},"14":{"start":{"line":44,"column":4},"end":{"line":46,"column":null}},"15":{"start":{"line":45,"column":8},"end":{"line":45,"column":null}},"16":{"start":{"line":48,"column":18},"end":{"line":48,"column":59}},"17":{"start":{"line":50,"column":4},"end":{"line":50,"column":17}},"18":{"start":{"line":54,"column":4},"end":{"line":54,"column":null}},"19":{"start":{"line":57,"column":34},"end":{"line":62,"column":null}}},"fnMap":{"0":{"name":"registerInstructor","decl":{"start":{"line":11,"column":15},"end":{"line":11,"column":33}},"loc":{"start":{"line":11,"column":94},"end":{"line":24,"column":null}}},"1":{"name":"cryptPassword","decl":{"start":{"line":26,"column":9},"end":{"line":26,"column":22}},"loc":{"start":{"line":26,"column":41},"end":{"line":30,"column":1}}},"2":{"name":"signIn","decl":{"start":{"line":32,"column":15},"end":{"line":32,"column":21}},"loc":{"start":{"line":32,"column":46},"end":{"line":51,"column":null}}},"3":{"name":"comparePassword","decl":{"start":{"line":53,"column":15},"end":{"line":53,"column":30}},"loc":{"start":{"line":53,"column":73},"end":{"line":55,"column":null}}}},"branchMap":{"0":{"loc":{"start":{"line":17,"column":4},"end":{"line":19,"column":null}},"type":"if","locations":[{"start":{"line":17,"column":4},"end":{"line":19,"column":null}}]},"1":{"loc":{"start":{"line":38,"column":4},"end":{"line":40,"column":null}},"type":"if","locations":[{"start":{"line":38,"column":4},"end":{"line":40,"column":null}}]},"2":{"loc":{"start":{"line":44,"column":4},"end":{"line":46,"column":null}},"type":"if","locations":[{"start":{"line":44,"column":4},"end":{"line":46,"column":null}}]}},"s":{"0":2,"1":2,"2":2,"3":1,"4":1,"5":1,"6":1,"7":1,"8":1,"9":3,"10":3,"11":3,"12":1,"13":2,"14":2,"15":1,"16":1,"17":1,"18":1,"19":1},"f":{"0":2,"1":1,"2":3,"3":1},"b":{"0":[1],"1":[1],"2":[1]}}
}
