{"/home/mauricio/Documentos/Driven/Projetos/projeto22-mystudio-back/src/config/database.ts": {"path":"/home/mauricio/Documentos/Driven/Projetos/projeto22-mystudio-back/src/config/database.ts","statementMap":{"0":{"start":{"line":3,"column":25},"end":{"line":3,"column":28}},"1":{"start":{"line":5,"column":15},"end":{"line":5,"column":33}}},"fnMap":{},"branchMap":{},"s":{"0":1,"1":1},"f":{},"b":{}}
,"/home/mauricio/Documentos/Driven/Projetos/projeto22-mystudio-back/src/providers/tokenProvider.ts": {"path":"/home/mauricio/Documentos/Driven/Projetos/projeto22-mystudio-back/src/providers/tokenProvider.ts","statementMap":{"0":{"start":{"line":4,"column":0},"end":{"line":4,"column":16}},"1":{"start":{"line":6,"column":15},"end":{"line":6,"column":51}},"2":{"start":{"line":7,"column":19},"end":{"line":7,"column":55}},"3":{"start":{"line":14,"column":4},"end":{"line":14,"column":null}},"4":{"start":{"line":18,"column":4},"end":{"line":23,"column":null}},"5":{"start":{"line":19,"column":8},"end":{"line":19,"column":null}},"6":{"start":{"line":22,"column":8},"end":{"line":22,"column":null}},"7":{"start":{"line":26,"column":29},"end":{"line":29,"column":null}}},"fnMap":{"0":{"name":"encode","decl":{"start":{"line":13,"column":16},"end":{"line":13,"column":22}},"loc":{"start":{"line":13,"column":46},"end":{"line":15,"column":1}}},"1":{"name":"decode","decl":{"start":{"line":17,"column":16},"end":{"line":17,"column":22}},"loc":{"start":{"line":17,"column":37},"end":{"line":24,"column":1}}}},"branchMap":{"0":{"loc":{"start":{"line":6,"column":15},"end":{"line":6,"column":51}},"type":"binary-expr","locations":[{"start":{"line":6,"column":15},"end":{"line":6,"column":39}},{"start":{"line":6,"column":43},"end":{"line":6,"column":51}}]},"1":{"loc":{"start":{"line":7,"column":19},"end":{"line":7,"column":55}},"type":"binary-expr","locations":[{"start":{"line":7,"column":19},"end":{"line":7,"column":47}},{"start":{"line":7,"column":51},"end":{"line":7,"column":55}}]}},"s":{"0":1,"1":1,"2":1,"3":0,"4":0,"5":0,"6":0,"7":1},"f":{"0":0,"1":0},"b":{"0":[1,1],"1":[1,1]}}
,"/home/mauricio/Documentos/Driven/Projetos/projeto22-mystudio-back/src/repositories/instructorsRepository.ts": {"path":"/home/mauricio/Documentos/Driven/Projetos/projeto22-mystudio-back/src/repositories/instructorsRepository.ts","statementMap":{"0":{"start":{"line":5,"column":23},"end":{"line":5,"column":74}},"1":{"start":{"line":6,"column":4},"end":{"line":6,"column":22}},"2":{"start":{"line":10,"column":2},"end":{"line":10,"column":null}},"3":{"start":{"line":13,"column":37},"end":{"line":16,"column":null}}},"fnMap":{"0":{"name":"findCpf","decl":{"start":{"line":4,"column":15},"end":{"line":4,"column":22}},"loc":{"start":{"line":4,"column":36},"end":{"line":7,"column":null}}},"1":{"name":"registerInstructor","decl":{"start":{"line":9,"column":15},"end":{"line":9,"column":33}},"loc":{"start":{"line":9,"column":68},"end":{"line":11,"column":null}}}},"branchMap":{},"s":{"0":0,"1":0,"2":0,"3":1},"f":{"0":0,"1":0},"b":{}}
,"/home/mauricio/Documentos/Driven/Projetos/projeto22-mystudio-back/src/services/instructorsService.ts": {"path":"/home/mauricio/Documentos/Driven/Projetos/projeto22-mystudio-back/src/services/instructorsService.ts","statementMap":{"0":{"start":{"line":13,"column":28},"end":{"line":13,"column":38}},"1":{"start":{"line":15,"column":21},"end":{"line":15,"column":61}},"2":{"start":{"line":17,"column":4},"end":{"line":19,"column":null}},"3":{"start":{"line":18,"column":8},"end":{"line":18,"column":null}},"4":{"start":{"line":21,"column":28},"end":{"line":21,"column":51}},"5":{"start":{"line":23,"column":4},"end":{"line":23,"column":95}},"6":{"start":{"line":27,"column":17},"end":{"line":27,"column":19}},"7":{"start":{"line":28,"column":28},"end":{"line":28,"column":59}},"8":{"start":{"line":29,"column":4},"end":{"line":29,"column":27}},"9":{"start":{"line":34,"column":31},"end":{"line":34,"column":36}},"10":{"start":{"line":36,"column":23},"end":{"line":36,"column":63}},"11":{"start":{"line":38,"column":4},"end":{"line":40,"column":null}},"12":{"start":{"line":39,"column":8},"end":{"line":39,"column":null}},"13":{"start":{"line":42,"column":36},"end":{"line":42,"column":107}},"14":{"start":{"line":44,"column":4},"end":{"line":46,"column":null}},"15":{"start":{"line":45,"column":8},"end":{"line":45,"column":null}},"16":{"start":{"line":48,"column":18},"end":{"line":48,"column":59}},"17":{"start":{"line":50,"column":4},"end":{"line":50,"column":17}},"18":{"start":{"line":55,"column":27},"end":{"line":55,"column":69}},"19":{"start":{"line":56,"column":4},"end":{"line":56,"column":25}},"20":{"start":{"line":63,"column":34},"end":{"line":68,"column":null}}},"fnMap":{"0":{"name":"registerInstructor","decl":{"start":{"line":11,"column":15},"end":{"line":11,"column":33}},"loc":{"start":{"line":11,"column":94},"end":{"line":24,"column":null}}},"1":{"name":"cryptPassword","decl":{"start":{"line":26,"column":9},"end":{"line":26,"column":22}},"loc":{"start":{"line":26,"column":41},"end":{"line":30,"column":1}}},"2":{"name":"signIn","decl":{"start":{"line":32,"column":15},"end":{"line":32,"column":21}},"loc":{"start":{"line":32,"column":46},"end":{"line":51,"column":null}}},"3":{"name":"comparePassword","decl":{"start":{"line":53,"column":15},"end":{"line":53,"column":30}},"loc":{"start":{"line":53,"column":73},"end":{"line":61,"column":null}}}},"branchMap":{"0":{"loc":{"start":{"line":17,"column":4},"end":{"line":19,"column":null}},"type":"if","locations":[{"start":{"line":17,"column":4},"end":{"line":19,"column":null}}]},"1":{"loc":{"start":{"line":38,"column":4},"end":{"line":40,"column":null}},"type":"if","locations":[{"start":{"line":38,"column":4},"end":{"line":40,"column":null}}]},"2":{"loc":{"start":{"line":44,"column":4},"end":{"line":46,"column":null}},"type":"if","locations":[{"start":{"line":44,"column":4},"end":{"line":46,"column":null}}]}},"s":{"0":2,"1":2,"2":2,"3":1,"4":1,"5":1,"6":1,"7":1,"8":1,"9":3,"10":3,"11":3,"12":1,"13":2,"14":2,"15":1,"16":1,"17":1,"18":1,"19":1,"20":1},"f":{"0":2,"1":1,"2":3,"3":1},"b":{"0":[1],"1":[1],"2":[1]}}
}
