TN:
SF:src/config/database.ts
FNF:0
FNH:0
DA:3,2
DA:5,2
LF:2
LH:2
BRF:0
BRH:0
end_of_record
TN:
SF:src/providers/tokenProvider.ts
FN:13,encode
FN:17,decode
FNF:2
FNH:0
FNDA:0,encode
FNDA:0,decode
DA:4,1
DA:6,1
DA:7,1
DA:14,0
DA:18,0
DA:19,0
DA:22,0
DA:26,1
LF:8
LH:4
BRDA:6,0,0,1
BRDA:6,0,1,1
BRDA:7,1,0,1
BRDA:7,1,1,1
BRF:4
BRH:4
end_of_record
TN:
SF:src/repositories/clientsRepository.ts
FN:6,findClientName
FN:11,findPaymentId
FN:16,registerClient
FN:21,updateNotificationStatus
FN:30,getAllClients
FN:42,findClientById
FN:47,deleteClientById
FN:51,updateClientData
FNF:8
FNH:0
FNDA:0,findClientName
FNDA:0,findPaymentId
FNDA:0,registerClient
FNDA:0,updateNotificationStatus
FNDA:0,getAllClients
FNDA:0,findClientById
FNDA:0,deleteClientById
FNDA:0,updateClientData
DA:7,0
DA:8,0
DA:12,0
DA:13,0
DA:17,0
DA:18,0
DA:22,0
DA:31,0
DA:39,0
DA:43,0
DA:44,0
DA:48,0
DA:52,0
DA:65,1
LF:14
LH:1
BRF:0
BRH:0
end_of_record
TN:
SF:src/repositories/instructorsRepository.ts
FN:4,findCpf
FN:9,registerInstructor
FNF:2
FNH:0
FNDA:0,findCpf
FNDA:0,registerInstructor
DA:5,0
DA:6,0
DA:10,0
DA:13,1
LF:4
LH:1
BRF:0
BRH:0
end_of_record
TN:
SF:src/repositories/paymentsRepository.ts
FN:3,findPaymentMethod
FNF:1
FNH:0
FNDA:0,findPaymentMethod
DA:4,0
DA:5,0
DA:8,1
LF:3
LH:1
BRF:0
BRH:0
end_of_record
TN:
SF:src/services/clientsService.ts
FN:10,createClient
FN:42,getAmericanFormatDate
FN:55,calculateExpirationDate
FN:75,calculateDaysLeft
FN:88,getAllClients
FN:95,deleteClient
FN:105,updateClient
FN:118,updateClientProperties
FNF:8
FNH:8
FNDA:6,createClient
FNDA:11,getAmericanFormatDate
FNDA:4,calculateExpirationDate
FNDA:6,calculateDaysLeft
FNDA:1,getAllClients
FNDA:2,deleteClient
FNDA:2,updateClient
FNDA:2,updateClientProperties
DA:12,6
DA:14,6
DA:16,6
DA:18,6
DA:19,1
DA:22,5
DA:24,5
DA:25,1
DA:28,4
DA:30,4
DA:32,4
DA:34,4
DA:36,4
DA:38,4
DA:44,11
DA:46,11
DA:48,11
DA:50,11
DA:52,11
DA:57,4
DA:58,1
DA:59,1
DA:61,3
DA:62,1
DA:63,1
DA:65,2
DA:66,1
DA:67,1
DA:69,1
DA:70,1
DA:71,1
DA:77,6
DA:79,6
DA:81,6
DA:83,6
DA:85,6
DA:90,1
DA:92,1
DA:97,2
DA:99,2
DA:100,1
DA:102,1
DA:107,2
DA:109,2
DA:110,1
DA:113,1
DA:115,1
DA:120,2
DA:122,2
DA:124,2
DA:126,2
DA:127,2
DA:129,2
DA:130,2
DA:131,2
DA:133,2
DA:134,1
DA:136,2
DA:138,2
DA:141,1
LF:60
LH:60
BRDA:18,0,0,1
BRDA:24,1,0,1
BRDA:32,2,0,3
BRDA:57,3,0,1
BRDA:61,4,0,1
BRDA:65,5,0,1
BRDA:69,6,0,1
BRDA:99,7,0,1
BRDA:109,8,0,1
BRDA:122,9,0,2
BRDA:124,10,0,2
BRDA:126,11,0,2
BRDA:133,12,0,1
BRDA:133,12,1,1
BRF:14
BRH:14
end_of_record
TN:
SF:src/services/instructorsService.ts
FN:11,registerInstructor
FN:26,cryptPassword
FN:32,signIn
FN:53,comparePassword
FNF:4
FNH:4
FNDA:2,registerInstructor
FNDA:1,cryptPassword
FNDA:3,signIn
FNDA:1,comparePassword
DA:13,2
DA:15,2
DA:17,2
DA:18,1
DA:21,1
DA:23,1
DA:27,1
DA:28,1
DA:29,1
DA:34,3
DA:36,3
DA:38,3
DA:39,1
DA:42,2
DA:44,2
DA:45,1
DA:48,1
DA:50,1
DA:54,1
DA:57,1
LF:20
LH:20
BRDA:17,0,0,1
BRDA:38,1,0,1
BRDA:44,2,0,1
BRF:3
BRH:3
end_of_record
