TN:
SF:src/config/database.ts
FNF:0
FNH:0
DA:3,2
DA:5,2
LF:2
LH:2
BRF:0
BRH:0
end_of_record
TN:
SF:src/providers/tokenProvider.ts
FN:13,encode
FN:17,decode
FNF:2
FNH:0
FNDA:0,encode
FNDA:0,decode
DA:4,1
DA:6,1
DA:7,1
DA:14,0
DA:18,0
DA:19,0
DA:22,0
DA:26,1
LF:8
LH:4
BRDA:6,0,0,1
BRDA:6,0,1,1
BRDA:7,1,0,1
BRDA:7,1,1,1
BRF:4
BRH:4
end_of_record
TN:
SF:src/repositories/clientsRepository.ts
FN:6,findClientName
FN:11,findPaymentId
FN:16,registerClient
FN:20,updateNotificationStatus
FN:29,getAllClients
FN:41,findClientById
FN:46,deleteClientById
FN:50,updateClientData
FNF:8
FNH:0
FNDA:0,findClientName
FNDA:0,findPaymentId
FNDA:0,registerClient
FNDA:0,updateNotificationStatus
FNDA:0,getAllClients
FNDA:0,findClientById
FNDA:0,deleteClientById
FNDA:0,updateClientData
DA:7,0
DA:8,0
DA:12,0
DA:13,0
DA:17,0
DA:21,0
DA:30,0
DA:38,0
DA:42,0
DA:43,0
DA:47,0
DA:51,0
DA:62,1
LF:13
LH:1
BRF:0
BRH:0
end_of_record
TN:
SF:src/repositories/instructorsRepository.ts
FN:4,findCpf
FN:9,registerInstructor
FNF:2
FNH:0
FNDA:0,findCpf
FNDA:0,registerInstructor
DA:5,0
DA:6,0
DA:10,0
DA:13,1
LF:4
LH:1
BRF:0
BRH:0
end_of_record
TN:
SF:src/repositories/paymentsRepository.ts
FN:3,findPaymentMethod
FNF:1
FNH:0
FNDA:0,findPaymentMethod
DA:4,0
DA:5,0
DA:8,1
LF:3
LH:1
BRF:0
BRH:0
end_of_record
TN:
SF:src/services/clientsService.ts
FN:10,createClient
FN:36,getAmericanFormatDate
FN:49,calculateExpirationDate
FN:69,calculateDaysLeft
FN:82,getAllClients
FN:86,(anonymous_14)
FN:86,(anonymous_15)
FN:98,deleteClient
FN:108,updateClient
FN:121,updateClientProperties
FNF:10
FNH:10
FNDA:6,createClient
FNDA:7,getAmericanFormatDate
FNDA:4,calculateExpirationDate
FNDA:2,calculateDaysLeft
FNDA:1,getAllClients
FNDA:2,(anonymous_14)
FNDA:2,(anonymous_15)
FNDA:2,deleteClient
FNDA:2,updateClient
FNDA:1,updateClientProperties
DA:12,6
DA:14,6
DA:16,6
DA:17,1
DA:20,5
DA:22,5
DA:23,1
DA:26,4
DA:28,4
DA:30,4
DA:32,4
DA:38,7
DA:40,7
DA:42,7
DA:44,7
DA:46,7
DA:51,4
DA:52,1
DA:53,1
DA:55,3
DA:56,1
DA:57,1
DA:59,2
DA:60,1
DA:61,1
DA:63,1
DA:64,1
DA:65,1
DA:71,2
DA:73,2
DA:75,2
DA:77,2
DA:84,1
DA:86,2
DA:87,2
DA:88,2
DA:89,2
DA:90,2
DA:91,2
DA:95,1
DA:100,2
DA:102,2
DA:103,1
DA:105,1
DA:110,2
DA:112,2
DA:113,1
DA:116,1
DA:118,1
DA:123,1
DA:125,1
DA:127,1
DA:129,1
DA:130,1
DA:132,1
DA:133,1
DA:135,1
DA:137,1
DA:140,1
LF:59
LH:59
BRDA:16,0,0,1
BRDA:22,1,0,1
BRDA:51,2,0,1
BRDA:55,3,0,1
BRDA:59,4,0,1
BRDA:63,5,0,1
BRDA:90,6,0,2
BRDA:102,7,0,1
BRDA:112,8,0,1
BRDA:125,9,0,1
BRDA:127,10,0,1
BRDA:129,11,0,1
BRF:12
BRH:12
end_of_record
TN:
SF:src/services/instructorsService.ts
FN:11,registerInstructor
FN:26,cryptPassword
FN:32,signIn
FN:53,comparePassword
FNF:4
FNH:4
FNDA:2,registerInstructor
FNDA:1,cryptPassword
FNDA:3,signIn
FNDA:1,comparePassword
DA:13,2
DA:15,2
DA:17,2
DA:18,1
DA:21,1
DA:23,1
DA:27,1
DA:28,1
DA:29,1
DA:34,3
DA:36,3
DA:38,3
DA:39,1
DA:42,2
DA:44,2
DA:45,1
DA:48,1
DA:50,1
DA:54,1
DA:57,1
LF:20
LH:20
BRDA:17,0,0,1
BRDA:38,1,0,1
BRDA:44,2,0,1
BRF:3
BRH:3
end_of_record
